<?xml version="1.0" encoding="UTF-8"?>
<testsuite name="ch.chesnb.beans.lombok.GroovyLombokTests" tests="6" skipped="0" failures="1" errors="0" timestamp="2024-05-29T12:52:37" hostname="CheSilicon.local" time="0.13">
  <properties/>
  <testcase name="Value Object TestA with builder" classname="ch.chesnb.beans.lombok.GroovyLombokTests" time="0.115"/>
  <testcase name="Data Object TestB setter and getter " classname="ch.chesnb.beans.lombok.GroovyLombokTests" time="0.001"/>
  <testcase name="Data Object TestB constructor and setter and getter " classname="ch.chesnb.beans.lombok.GroovyLombokTests" time="0.0"/>
  <testcase name="Value Object TestC with toBuilder(true) " classname="ch.chesnb.beans.lombok.GroovyLombokTests" time="0.003"/>
  <testcase name="Value Object TestD explicit Constructor and toBuilder(true) " classname="ch.chesnb.beans.lombok.GroovyLombokTests" time="0.003"/>
  <testcase name="Groovy class with Lombok annotation doesn't work" classname="ch.chesnb.beans.lombok.GroovyLombokTests" time="0.007">
    <failure message="groovy.lang.MissingMethodException: No signature of method: static ch.chesnb.beans.lombok.TestE.builder() is applicable for argument types: () values: []&#10;Possible solutions: find()" type="groovy.lang.MissingMethodException">groovy.lang.MissingMethodException: No signature of method: static ch.chesnb.beans.lombok.TestE.builder() is applicable for argument types: () values: []
Possible solutions: find()
	at ch.chesnb.beans.lombok.GroovyLombokTests.Groovy class with Lombok annotation doesn't work(GroovyLombokTests.groovy:64)
</failure>
  </testcase>
  <system-out><![CDATA[]]></system-out>
  <system-err><![CDATA[]]></system-err>
</testsuite>
